mktextfm inter
mktextfm inter
mktextfm inter
mktextfm inter/BI
mktextfm inter
mktextfm inter/B
mktextfm inter
mktextfm inter/I
mktextfm inter
mktextfm inter
mktextfm inter
mktextfm inter
mktextfm inter
mktextfm inter
mktextfm inter
mktextfm inter
mktextfm inter
mktextfm inter
mktextfm inter
mktextfm inter
mktextfm inter
mktextfm inter
mktextfm inter
mktextfm roboto
mktextfm roboto
mktextfm roboto
mktextfm roboto/BI
mktextfm roboto
mktextfm roboto/B
mktextfm roboto
mktextfm roboto/I
mktextfm roboto
mktextfm roboto
mktextfm roboto
mktextfm roboto
mktextfm roboto
mktextfm roboto
mktextfm roboto
mktextfm roboto
mktextfm roboto
mktextfm roboto
mktextfm roboto
mktextfm roboto
mktextfm roboto
mktextfm roboto
mktextfm roboto
