This is XeTeX, Version 3.141592653-2.6-0.999997 (TeX Live 2026/dev/Arch Linux) (preloaded format=xelatex 2025.8.24)  2 SEP 2025 09:50
entering extended mode
 restricted \write18 enabled.
 %&-line parsing enabled.
**POWI-Skript_Q3.tex
(./POWI-Skript_Q3.tex
LaTeX2e <2024-11-01> patch level 2
L3 programming layer <2025-01-18>
)
! Emergency stop.
<*> POWI-Skript_Q3.tex
                      
*** (job aborted, no legal \end found)

 
Here is how much of TeX's memory you used:
 13 strings out of 475235
 286 string characters out of 5760660
 382771 words of memory out of 5000000
 23097 multiletter control sequences out of 15000+600000
 558837 words of font info for 36 fonts, out of 8000000 for 9000
 350 hyphenation exceptions out of 8191
 11i,0n,13p,50b,8s stack positions out of 10000i,1000n,20000p,200000b,200000s
No pages of output.
